<?xml version="1.0" encoding="UTF-8"?>
<!-- Generated by org.testng.reporters.JUnitReportReporter -->
<testsuite hostname="DESKTOP-1CQMEJU" failures="0" tests="2" name="Com.test.Login_Test$LoginTest" time="2.243" errors="0" timestamp="2022-06-15T21:57:34 IST" skipped="0">
  <testcase classname="Com.test.Login_Test$LoginTest" name="verifyButton" time="0.147"/>
  <system-out/>
  <testcase classname="Com.test.Login_Test$LoginTest" name="login" time="2.096"/>
  <system-out/>
</testsuite> <!-- Com.test.Login_Test$LoginTest -->
